This is pdfTeX, Version 3.14159265-2.6-1.40.18 (TeX Live 2017) (preloaded format=pdflatex 2017.5.23)  9 AUG 2019 14:26
entering extended mode
 restricted \write18 enabled.
 file:line:error style messages enabled.
 %&-line parsing enabled.
**presentation.tex
(./presentation.tex
LaTeX2e <2017-04-15>
Babel <3.10> and hyphenation patterns for 84 language(s) loaded.
(/usr/local/texlive/2017/texmf-dist/tex/latex/beamer/beamer.cls
Document Class: beamer 2017/01/23 v3.41 A class for typesetting presentations
(/usr/local/texlive/2017/texmf-dist/tex/latex/etoolbox/etoolbox.sty
Package: etoolbox 2017/01/02 v2.4 e-TeX tools for LaTeX (JAW)
\etb@tempcnta=\count79
) (/usr/local/texlive/2017/texmf-dist/tex/latex/beamer/beamerbasemodes.sty
\beamer@tempbox=\box26
\beamer@tempcount=\count80
\c@beamerpauses=\count81
 (/usr/local/texlive/2017/texmf-dist/tex/latex/beamer/beamerbasedecode.sty
\beamer@slideinframe=\count82
\beamer@minimum=\count83
)
\beamer@commentbox=\box27
\beamer@modecount=\count84
) (/usr/local/texlive/2017/texmf-dist/tex/generic/oberdiek/ifpdf.sty
Package: ifpdf 2017/03/15 v3.2 Provides the ifpdf switch
)
\headheight=\dimen102
\headdp=\dimen103
\footheight=\dimen104
\sidebarheight=\dimen105
\beamer@tempdim=\dimen106
\beamer@finalheight=\dimen107
\beamer@animht=\dimen108
\beamer@animdp=\dimen109
\beamer@animwd=\dimen110
\beamer@leftmargin=\dimen111
\beamer@rightmargin=\dimen112
\beamer@leftsidebar=\dimen113
\beamer@rightsidebar=\dimen114
\beamer@boxsize=\dimen115
\beamer@vboxoffset=\dimen116
\beamer@descdefault=\dimen117
\beamer@descriptionwidth=\dimen118
\beamer@lastskip=\skip41
\beamer@areabox=\box28
\beamer@animcurrent=\box29
\beamer@animshowbox=\box30
\beamer@sectionbox=\box31
\beamer@logobox=\box32
\beamer@linebox=\box33
\beamer@sectioncount=\count85
\beamer@subsubsectionmax=\count86
\beamer@subsectionmax=\count87
\beamer@sectionmax=\count88
\beamer@totalheads=\count89
\beamer@headcounter=\count90
\beamer@partstartpage=\count91
\beamer@sectionstartpage=\count92
\beamer@subsectionstartpage=\count93
\beamer@animationtempa=\count94
\beamer@animationtempb=\count95
\beamer@xpos=\count96
\beamer@ypos=\count97
\beamer@showpartnumber=\count98
\beamer@currentsubsection=\count99
\beamer@coveringdepth=\count100
\beamer@sectionadjust=\count101
\beamer@tocsectionnumber=\count102
 (/usr/local/texlive/2017/texmf-dist/tex/latex/beamer/beamerbaseoptions.sty (/usr/local/texlive/2017/texmf-dist/tex/latex/graphics/keyval.sty
Package: keyval 2014/10/28 v1.15 key=value parser (DPC)
\KV@toks@=\toks14
))
\beamer@paperwidth=\skip42
\beamer@paperheight=\skip43
 (/usr/local/texlive/2017/texmf-dist/tex/latex/geometry/geometry.sty
Package: geometry 2010/09/12 v5.6 Page Geometry
 (/usr/local/texlive/2017/texmf-dist/tex/generic/oberdiek/ifvtex.sty
Package: ifvtex 2016/05/16 v1.6 Detect VTeX and its facilities (HO)
Package ifvtex Info: VTeX not detected.
) (/usr/local/texlive/2017/texmf-dist/tex/generic/ifxetex/ifxetex.sty
Package: ifxetex 2010/09/12 v0.6 Provides ifxetex conditional
)
\Gm@cnth=\count103
\Gm@cntv=\count104
\c@Gm@tempcnt=\count105
\Gm@bindingoffset=\dimen119
\Gm@wd@mp=\dimen120
\Gm@odd@mp=\dimen121
\Gm@even@mp=\dimen122
\Gm@layoutwidth=\dimen123
\Gm@layoutheight=\dimen124
\Gm@layouthoffset=\dimen125
\Gm@layoutvoffset=\dimen126
\Gm@dimlist=\toks15
) (/usr/local/texlive/2017/texmf-dist/tex/latex/base/size11.clo
File: size11.clo 2014/09/29 v1.4h Standard LaTeX file (size option)
) (/usr/local/texlive/2017/texmf-dist/tex/latex/pgf/basiclayer/pgfcore.sty (/usr/local/texlive/2017/texmf-dist/tex/latex/graphics/graphicx.sty
Package: graphicx 2014/10/28 v1.0g Enhanced LaTeX Graphics (DPC,SPQR)
 (/usr/local/texlive/2017/texmf-dist/tex/latex/graphics/graphics.sty
Package: graphics 2017/04/14 v1.1b Standard LaTeX Graphics (DPC,SPQR)
 (/usr/local/texlive/2017/texmf-dist/tex/latex/graphics/trig.sty
Package: trig 2016/01/03 v1.10 sin cos tan (DPC)
)
(/usr/local/texlive/2017/texmf-dist/tex/latex/graphics-cfg/graphics.cfg
File: graphics.cfg 2016/06/04 v1.11 sample graphics configuration
)
Package graphics Info: Driver file: pdftex.def on input line 99.
 (/usr/local/texlive/2017/texmf-dist/tex/latex/graphics-def/pdftex.def
File: pdftex.def 2017/01/12 v0.06k Graphics/color for pdfTeX
 (/usr/local/texlive/2017/texmf-dist/tex/generic/oberdiek/infwarerr.sty
Package: infwarerr 2016/05/16 v1.4 Providing info/warning/error messages (HO)
) (/usr/local/texlive/2017/texmf-dist/tex/generic/oberdiek/ltxcmds.sty
Package: ltxcmds 2016/05/16 v1.23 LaTeX kernel commands for general use (HO)
)
\Gread@gobject=\count106
))
\Gin@req@height=\dimen127
\Gin@req@width=\dimen128
) (/usr/local/texlive/2017/texmf-dist/tex/latex/pgf/systemlayer/pgfsys.sty (/usr/local/texlive/2017/texmf-dist/tex/latex/pgf/utilities/pgfrcs.sty (/usr/local/texlive/2017/texmf-dist/tex/generic/pgf/utilities/pgfutil-common.tex
\pgfutil@everybye=\toks16
\pgfutil@tempdima=\dimen129
\pgfutil@tempdimb=\dimen130
 (/usr/local/texlive/2017/texmf-dist/tex/generic/pgf/utilities/pgfutil-common-lists.tex)) (/usr/local/texlive/2017/texmf-dist/tex/generic/pgf/utilities/pgfutil-latex.def
\pgfutil@abb=\box34
 (/usr/local/texlive/2017/texmf-dist/tex/latex/ms/everyshi.sty
Package: everyshi 2001/05/15 v3.00 EveryShipout Package (MS)
)) (/usr/local/texlive/2017/texmf-dist/tex/generic/pgf/utilities/pgfrcs.code.tex
Package: pgfrcs 2015/08/07 v3.0.1a (rcs-revision 1.31)
)) (/usr/local/texlive/2017/texmf-dist/tex/generic/pgf/systemlayer/pgfsys.code.tex
Package: pgfsys 2014/07/09 v3.0.1a (rcs-revision 1.48)
 (/usr/local/texlive/2017/texmf-dist/tex/generic/pgf/utilities/pgfkeys.code.tex
\pgfkeys@pathtoks=\toks17
\pgfkeys@temptoks=\toks18

(/usr/local/texlive/2017/texmf-dist/tex/generic/pgf/utilities/pgfkeysfiltered.code.tex
\pgfkeys@tmptoks=\toks19
))
\pgf@x=\dimen131
\pgf@y=\dimen132
\pgf@xa=\dimen133
\pgf@ya=\dimen134
\pgf@xb=\dimen135
\pgf@yb=\dimen136
\pgf@xc=\dimen137
\pgf@yc=\dimen138
\w@pgf@writea=\write3
\r@pgf@reada=\read1
\c@pgf@counta=\count107
\c@pgf@countb=\count108
\c@pgf@countc=\count109
\c@pgf@countd=\count110
\t@pgf@toka=\toks20
\t@pgf@tokb=\toks21
\t@pgf@tokc=\toks22
 (/usr/local/texlive/2017/texmf-dist/tex/generic/pgf/systemlayer/pgf.cfg
File: pgf.cfg 2008/05/14  (rcs-revision 1.7)
)
Driver file for pgf: pgfsys-pdftex.def
 (/usr/local/texlive/2017/texmf-dist/tex/generic/pgf/systemlayer/pgfsys-pdftex.def
File: pgfsys-pdftex.def 2014/10/11  (rcs-revision 1.35)
 (/usr/local/texlive/2017/texmf-dist/tex/generic/pgf/systemlayer/pgfsys-common-pdf.def
File: pgfsys-common-pdf.def 2013/10/10  (rcs-revision 1.13)
))) (/usr/local/texlive/2017/texmf-dist/tex/generic/pgf/systemlayer/pgfsyssoftpath.code.tex
File: pgfsyssoftpath.code.tex 2013/09/09  (rcs-revision 1.9)
\pgfsyssoftpath@smallbuffer@items=\count111
\pgfsyssoftpath@bigbuffer@items=\count112
) (/usr/local/texlive/2017/texmf-dist/tex/generic/pgf/systemlayer/pgfsysprotocol.code.tex
File: pgfsysprotocol.code.tex 2006/10/16  (rcs-revision 1.4)
)) (/usr/local/texlive/2017/texmf-dist/tex/latex/xcolor/xcolor.sty
Package: xcolor 2016/05/11 v2.12 LaTeX color extensions (UK)
 (/usr/local/texlive/2017/texmf-dist/tex/latex/graphics-cfg/color.cfg
File: color.cfg 2016/01/02 v1.6 sample color configuration
)
Package xcolor Info: Driver file: pdftex.def on input line 225.
Package xcolor Info: Model `cmy' substituted by `cmy0' on input line 1348.
Package xcolor Info: Model `hsb' substituted by `rgb' on input line 1352.
Package xcolor Info: Model `RGB' extended on input line 1364.
Package xcolor Info: Model `HTML' substituted by `rgb' on input line 1366.
Package xcolor Info: Model `Hsb' substituted by `hsb' on input line 1367.
Package xcolor Info: Model `tHsb' substituted by `hsb' on input line 1368.
Package xcolor Info: Model `HSB' substituted by `hsb' on input line 1369.
Package xcolor Info: Model `Gray' substituted by `gray' on input line 1370.
Package xcolor Info: Model `wave' substituted by `hsb' on input line 1371.
) (/usr/local/texlive/2017/texmf-dist/tex/generic/pgf/basiclayer/pgfcore.code.tex
Package: pgfcore 2010/04/11 v3.0.1a (rcs-revision 1.7)
 (/usr/local/texlive/2017/texmf-dist/tex/generic/pgf/math/pgfmath.code.tex (/usr/local/texlive/2017/texmf-dist/tex/generic/pgf/math/pgfmathcalc.code.tex (/usr/local/texlive/2017/texmf-dist/tex/generic/pgf/math/pgfmathutil.code.tex)
(/usr/local/texlive/2017/texmf-dist/tex/generic/pgf/math/pgfmathparser.code.tex
\pgfmath@dimen=\dimen139
\pgfmath@count=\count113
\pgfmath@box=\box35
\pgfmath@toks=\toks23
\pgfmath@stack@operand=\toks24
\pgfmath@stack@operation=\toks25
) (/usr/local/texlive/2017/texmf-dist/tex/generic/pgf/math/pgfmathfunctions.code.tex (/usr/local/texlive/2017/texmf-dist/tex/generic/pgf/math/pgfmathfunctions.basic.code.tex) (/usr/local/texlive/2017/texmf-dist/tex/generic/pgf/math/pgfmathfunctions.trigonometric.code.tex) (/usr/local/texlive/2017/texmf-dist/tex/generic/pgf/math/pgfmathfunctions.random.code.tex) (/usr/local/texlive/2017/texmf-dist/tex/generic/pgf/math/pgfmathfunctions.comparison.code.tex) (/usr/local/texlive/2017/texmf-dist/tex/generic/pgf/math/pgfmathfunctions.base.code.tex) (/usr/local/texlive/2017/texmf-dist/tex/generic/pgf/math/pgfmathfunctions.round.code.tex) (/usr/local/texlive/2017/texmf-dist/tex/generic/pgf/math/pgfmathfunctions.misc.code.tex) (/usr/local/texlive/2017/texmf-dist/tex/generic/pgf/math/pgfmathfunctions.integerarithmetics.code.tex))) (/usr/local/texlive/2017/texmf-dist/tex/generic/pgf/math/pgfmathfloat.code.tex
\c@pgfmathroundto@lastzeros=\count114
))
(/usr/local/texlive/2017/texmf-dist/tex/generic/pgf/basiclayer/pgfcorepoints.code.tex
File: pgfcorepoints.code.tex 2013/10/07  (rcs-revision 1.27)
\pgf@picminx=\dimen140
\pgf@picmaxx=\dimen141
\pgf@picminy=\dimen142
\pgf@picmaxy=\dimen143
\pgf@pathminx=\dimen144
\pgf@pathmaxx=\dimen145
\pgf@pathminy=\dimen146
\pgf@pathmaxy=\dimen147
\pgf@xx=\dimen148
\pgf@xy=\dimen149
\pgf@yx=\dimen150
\pgf@yy=\dimen151
\pgf@zx=\dimen152
\pgf@zy=\dimen153
) (/usr/local/texlive/2017/texmf-dist/tex/generic/pgf/basiclayer/pgfcorepathconstruct.code.tex
File: pgfcorepathconstruct.code.tex 2013/10/07  (rcs-revision 1.29)
\pgf@path@lastx=\dimen154
\pgf@path@lasty=\dimen155
) (/usr/local/texlive/2017/texmf-dist/tex/generic/pgf/basiclayer/pgfcorepathusage.code.tex
File: pgfcorepathusage.code.tex 2014/11/02  (rcs-revision 1.24)
\pgf@shorten@end@additional=\dimen156
\pgf@shorten@start@additional=\dimen157
) (/usr/local/texlive/2017/texmf-dist/tex/generic/pgf/basiclayer/pgfcorescopes.code.tex
File: pgfcorescopes.code.tex 2015/05/08  (rcs-revision 1.46)
\pgfpic=\box36
\pgf@hbox=\box37
\pgf@layerbox@main=\box38
\pgf@picture@serial@count=\count115
) (/usr/local/texlive/2017/texmf-dist/tex/generic/pgf/basiclayer/pgfcoregraphicstate.code.tex
File: pgfcoregraphicstate.code.tex 2014/11/02  (rcs-revision 1.12)
\pgflinewidth=\dimen158
) (/usr/local/texlive/2017/texmf-dist/tex/generic/pgf/basiclayer/pgfcoretransformations.code.tex
File: pgfcoretransformations.code.tex 2015/08/07  (rcs-revision 1.20)
\pgf@pt@x=\dimen159
\pgf@pt@y=\dimen160
\pgf@pt@temp=\dimen161
) (/usr/local/texlive/2017/texmf-dist/tex/generic/pgf/basiclayer/pgfcorequick.code.tex
File: pgfcorequick.code.tex 2008/10/09  (rcs-revision 1.3)
) (/usr/local/texlive/2017/texmf-dist/tex/generic/pgf/basiclayer/pgfcoreobjects.code.tex
File: pgfcoreobjects.code.tex 2006/10/11  (rcs-revision 1.2)
) (/usr/local/texlive/2017/texmf-dist/tex/generic/pgf/basiclayer/pgfcorepathprocessing.code.tex
File: pgfcorepathprocessing.code.tex 2013/09/09  (rcs-revision 1.9)
) (/usr/local/texlive/2017/texmf-dist/tex/generic/pgf/basiclayer/pgfcorearrows.code.tex
File: pgfcorearrows.code.tex 2015/05/14  (rcs-revision 1.43)
\pgfarrowsep=\dimen162
) (/usr/local/texlive/2017/texmf-dist/tex/generic/pgf/basiclayer/pgfcoreshade.code.tex
File: pgfcoreshade.code.tex 2013/07/15  (rcs-revision 1.15)
\pgf@max=\dimen163
\pgf@sys@shading@range@num=\count116
)
(/usr/local/texlive/2017/texmf-dist/tex/generic/pgf/basiclayer/pgfcoreimage.code.tex
File: pgfcoreimage.code.tex 2013/07/15  (rcs-revision 1.18)
 (/usr/local/texlive/2017/texmf-dist/tex/generic/pgf/basiclayer/pgfcoreexternal.code.tex
File: pgfcoreexternal.code.tex 2014/07/09  (rcs-revision 1.21)
\pgfexternal@startupbox=\box39
)) (/usr/local/texlive/2017/texmf-dist/tex/generic/pgf/basiclayer/pgfcorelayers.code.tex
File: pgfcorelayers.code.tex 2013/07/18  (rcs-revision 1.7)
) (/usr/local/texlive/2017/texmf-dist/tex/generic/pgf/basiclayer/pgfcoretransparency.code.tex
File: pgfcoretransparency.code.tex 2013/09/30  (rcs-revision 1.5)
) (/usr/local/texlive/2017/texmf-dist/tex/generic/pgf/basiclayer/pgfcorepatterns.code.tex
File: pgfcorepatterns.code.tex 2013/11/07  (rcs-revision 1.5)
))) (/usr/local/texlive/2017/texmf-dist/tex/latex/pgf/utilities/xxcolor.sty
Package: xxcolor 2003/10/24 ver 0.1
\XC@nummixins=\count117
\XC@countmixins=\count118
) (/usr/local/texlive/2017/texmf-dist/tex/generic/oberdiek/atbegshi.sty
Package: atbegshi 2016/06/09 v1.18 At begin shipout hook (HO)
) (/usr/local/texlive/2017/texmf-dist/tex/latex/hyperref/hyperref.sty
Package: hyperref 2017/03/14 v6.85a Hypertext links for LaTeX
 (/usr/local/texlive/2017/texmf-dist/tex/generic/oberdiek/hobsub-hyperref.sty
Package: hobsub-hyperref 2016/05/16 v1.14 Bundle oberdiek, subset hyperref (HO)
 (/usr/local/texlive/2017/texmf-dist/tex/generic/oberdiek/hobsub-generic.sty
Package: hobsub-generic 2016/05/16 v1.14 Bundle oberdiek, subset generic (HO)
Package: hobsub 2016/05/16 v1.14 Construct package bundles (HO)
Package hobsub Info: Skipping package `infwarerr' (already loaded).
Package hobsub Info: Skipping package `ltxcmds' (already loaded).
Package: ifluatex 2016/05/16 v1.4 Provides the ifluatex switch (HO)
Package ifluatex Info: LuaTeX not detected.
Package hobsub Info: Skipping package `ifvtex' (already loaded).
Package: intcalc 2016/05/16 v1.2 Expandable calculations with integers (HO)
Package hobsub Info: Skipping package `ifpdf' (already loaded).
Package: etexcmds 2016/05/16 v1.6 Avoid name clashes with e-TeX commands (HO)
Package etexcmds Info: Could not find \expanded.
(etexcmds)             That can mean that you are not using pdfTeX 1.50 or
(etexcmds)             that some package has redefined \expanded.
(etexcmds)             In the latter case, load this package earlier.
Package: kvsetkeys 2016/05/16 v1.17 Key value parser (HO)
Package: kvdefinekeys 2016/05/16 v1.4 Define keys (HO)
Package: pdftexcmds 2017/03/19 v0.25 Utility functions of pdfTeX for LuaTeX (HO)
Package pdftexcmds Info: LuaTeX not detected.
Package pdftexcmds Info: \pdf@primitive is available.
Package pdftexcmds Info: \pdf@ifprimitive is available.
Package pdftexcmds Info: \pdfdraftmode found.
Package: pdfescape 2016/05/16 v1.14 Implements pdfTeX's escape features (HO)
Package: bigintcalc 2016/05/16 v1.4 Expandable calculations on big integers (HO)
Package: bitset 2016/05/16 v1.2 Handle bit-vector datatype (HO)
Package: uniquecounter 2016/05/16 v1.3 Provide unlimited unique counter (HO)
)
Package hobsub Info: Skipping package `hobsub' (already loaded).
Package: letltxmacro 2016/05/16 v1.5 Let assignment for LaTeX macros (HO)
Package: hopatch 2016/05/16 v1.3 Wrapper for package hooks (HO)
Package: xcolor-patch 2016/05/16 xcolor patch
Package: atveryend 2016/05/16 v1.9 Hooks at the very end of document (HO)
Package hobsub Info: Skipping package `atbegshi' (already loaded).
Package: refcount 2016/05/16 v3.5 Data extraction from label references (HO)
Package: hycolor 2016/05/16 v1.8 Color options for hyperref/bookmark (HO)
) (/usr/local/texlive/2017/texmf-dist/tex/latex/oberdiek/auxhook.sty
Package: auxhook 2016/05/16 v1.4 Hooks for auxiliary files (HO)
) (/usr/local/texlive/2017/texmf-dist/tex/latex/oberdiek/kvoptions.sty
Package: kvoptions 2016/05/16 v3.12 Key value format for package options (HO)
)
\@linkdim=\dimen164
\Hy@linkcounter=\count119
\Hy@pagecounter=\count120

(/usr/local/texlive/2017/texmf-dist/tex/latex/hyperref/pd1enc.def
File: pd1enc.def 2017/03/14 v6.85a Hyperref: PDFDocEncoding definition (HO)
)
\Hy@SavedSpaceFactor=\count121
 (/usr/local/texlive/2017/texmf-dist/tex/latex/latexconfig/hyperref.cfg
File: hyperref.cfg 2002/06/06 v1.2 hyperref configuration of TeXLive
)
Package hyperref Info: Option `bookmarks' set `true' on input line 4374.
Package hyperref Info: Option `bookmarksopen' set `true' on input line 4374.
Package hyperref Info: Option `implicit' set `false' on input line 4374.
Package hyperref Info: Hyper figures OFF on input line 4498.
Package hyperref Info: Link nesting OFF on input line 4503.
Package hyperref Info: Hyper index ON on input line 4506.
Package hyperref Info: Plain pages OFF on input line 4513.
Package hyperref Info: Backreferencing OFF on input line 4518.
Package hyperref Info: Implicit mode OFF; no redefinition of LaTeX internals.
Package hyperref Info: Bookmarks ON on input line 4751.
\c@Hy@tempcnt=\count122
 (/usr/local/texlive/2017/texmf-dist/tex/latex/url/url.sty
\Urlmuskip=\muskip10
Package: url 2013/09/16  ver 3.4  Verb mode for urls, etc.
)
LaTeX Info: Redefining \url on input line 5104.
\XeTeXLinkMargin=\dimen165
\Fld@menulength=\count123
\Field@Width=\dimen166
\Fld@charsize=\dimen167
Package hyperref Info: Hyper figures OFF on input line 6358.
Package hyperref Info: Link nesting OFF on input line 6363.
Package hyperref Info: Hyper index ON on input line 6366.
Package hyperref Info: backreferencing OFF on input line 6373.
Package hyperref Info: Link coloring OFF on input line 6378.
Package hyperref Info: Link coloring with OCG OFF on input line 6383.
Package hyperref Info: PDF/A mode OFF on input line 6388.
LaTeX Info: Redefining \ref on input line 6428.
LaTeX Info: Redefining \pageref on input line 6432.
\Hy@abspage=\count124


Package hyperref Message: Stopped early.

)

Package hyperref Message: Driver (autodetected): hpdftex.

(/usr/local/texlive/2017/texmf-dist/tex/latex/hyperref/hpdftex.def
File: hpdftex.def 2017/03/14 v6.85a Hyperref driver for pdfTeX
\Fld@listcount=\count125
\c@bookmark@seq@number=\count126
 (/usr/local/texlive/2017/texmf-dist/tex/latex/oberdiek/rerunfilecheck.sty
Package: rerunfilecheck 2016/05/16 v1.8 Rerun checks for auxiliary files (HO)
Package uniquecounter Info: New unique counter `rerunfilecheck' on input line 282.
)) (/usr/local/texlive/2017/texmf-dist/tex/latex/beamer/beamerbaserequires.sty (/usr/local/texlive/2017/texmf-dist/tex/latex/beamer/beamerbasecompatibility.sty) (/usr/local/texlive/2017/texmf-dist/tex/latex/beamer/beamerbasefont.sty (/usr/local/texlive/2017/texmf-dist/tex/latex/amsfonts/amssymb.sty
Package: amssymb 2013/01/14 v3.01 AMS font symbols
 (/usr/local/texlive/2017/texmf-dist/tex/latex/amsfonts/amsfonts.sty
Package: amsfonts 2013/01/14 v3.01 Basic AMSFonts support
\@emptytoks=\toks26
\symAMSa=\mathgroup4
\symAMSb=\mathgroup5
LaTeX Font Info:    Overwriting math alphabet `\mathfrak' in version `bold'
(Font)                  U/euf/m/n --> U/euf/b/n on input line 106.
)) (/usr/local/texlive/2017/texmf-dist/tex/latex/sansmathaccent/sansmathaccent.sty
Package: sansmathaccent 2013/03/28
 (/usr/local/texlive/2017/texmf-dist/tex/latex/filehook/filehook.sty
Package: filehook 2011/10/12 v0.5d Hooks for input files
))) (/usr/local/texlive/2017/texmf-dist/tex/latex/beamer/beamerbasetranslator.sty (/usr/local/texlive/2017/texmf-dist/tex/latex/beamer/translator/translator.sty
Package: translator 2010/06/12 ver 1.10
 (/usr/local/texlive/2017/texmf-dist/tex/latex/beamer/translator/translator-language-mappings.tex))) (/usr/local/texlive/2017/texmf-dist/tex/latex/beamer/beamerbasemisc.sty)
(/usr/local/texlive/2017/texmf-dist/tex/latex/beamer/beamerbasetwoscreens.sty) (/usr/local/texlive/2017/texmf-dist/tex/latex/beamer/beamerbaseoverlay.sty
\beamer@argscount=\count127
\beamer@lastskipcover=\skip44
\beamer@trivlistdepth=\count128
) (/usr/local/texlive/2017/texmf-dist/tex/latex/beamer/beamerbasetitle.sty) (/usr/local/texlive/2017/texmf-dist/tex/latex/beamer/beamerbasesection.sty
\c@lecture=\count129
\c@part=\count130
\c@section=\count131
\c@subsection=\count132
\c@subsubsection=\count133
) (/usr/local/texlive/2017/texmf-dist/tex/latex/beamer/beamerbaseframe.sty
\beamer@framebox=\box40
\beamer@frametitlebox=\box41
\beamer@zoombox=\box42
\beamer@zoomcount=\count134
\beamer@zoomframecount=\count135
\beamer@frametextheight=\dimen168
\c@subsectionslide=\count136
\beamer@frametopskip=\skip45
\beamer@framebottomskip=\skip46
\beamer@frametopskipautobreak=\skip47
\beamer@framebottomskipautobreak=\skip48
\beamer@envbody=\toks27
\framewidth=\dimen169
\c@framenumber=\count137
) (/usr/local/texlive/2017/texmf-dist/tex/latex/beamer/beamerbaseverbatim.sty
\beamer@verbatimfileout=\write4
) (/usr/local/texlive/2017/texmf-dist/tex/latex/beamer/beamerbaseframesize.sty
\beamer@splitbox=\box43
\beamer@autobreakcount=\count138
\beamer@autobreaklastheight=\dimen170
\beamer@frametitletoks=\toks28
\beamer@framesubtitletoks=\toks29
) (/usr/local/texlive/2017/texmf-dist/tex/latex/beamer/beamerbaseframecomponents.sty
\beamer@footins=\box44
) (/usr/local/texlive/2017/texmf-dist/tex/latex/beamer/beamerbasecolor.sty) (/usr/local/texlive/2017/texmf-dist/tex/latex/beamer/beamerbasenotes.sty
\beamer@frameboxcopy=\box45
) (/usr/local/texlive/2017/texmf-dist/tex/latex/beamer/beamerbasetoc.sty) (/usr/local/texlive/2017/texmf-dist/tex/latex/beamer/beamerbasetemplates.sty
\beamer@sbttoks=\toks30
 (/usr/local/texlive/2017/texmf-dist/tex/latex/beamer/beamerbaseauxtemplates.sty
(/usr/local/texlive/2017/texmf-dist/tex/latex/beamer/beamerbaseboxes.sty
\bmb@box=\box46
\bmb@colorbox=\box47
\bmb@boxshadow=\box48
\bmb@boxshadowball=\box49
\bmb@boxshadowballlarge=\box50
\bmb@temp=\dimen171
\bmb@dima=\dimen172
\bmb@dimb=\dimen173
\bmb@prevheight=\dimen174
)
\beamer@blockheadheight=\dimen175
)) (/usr/local/texlive/2017/texmf-dist/tex/latex/beamer/beamerbaselocalstructure.sty (/usr/local/texlive/2017/texmf-dist/tex/latex/tools/enumerate.sty
Package: enumerate 2015/07/23 v3.00 enumerate extensions (DPC)
\@enLab=\toks31
)
\c@figure=\count139
\c@table=\count140
\abovecaptionskip=\skip49
\belowcaptionskip=\skip50
) (/usr/local/texlive/2017/texmf-dist/tex/latex/beamer/beamerbasenavigation.sty
\beamer@section@min@dim=\dimen176
) (/usr/local/texlive/2017/texmf-dist/tex/latex/beamer/beamerbasetheorems.sty (/usr/local/texlive/2017/texmf-dist/tex/latex/amsmath/amsmath.sty
Package: amsmath 2016/11/05 v2.16a AMS math features
\@mathmargin=\skip51

For additional information on amsmath, use the `?' option.
(/usr/local/texlive/2017/texmf-dist/tex/latex/amsmath/amstext.sty
Package: amstext 2000/06/29 v2.01 AMS text
 (/usr/local/texlive/2017/texmf-dist/tex/latex/amsmath/amsgen.sty
File: amsgen.sty 1999/11/30 v2.0 generic functions
\@emptytoks=\toks32
\ex@=\dimen177
)) (/usr/local/texlive/2017/texmf-dist/tex/latex/amsmath/amsbsy.sty
Package: amsbsy 1999/11/29 v1.2d Bold Symbols
\pmbraise@=\dimen178
) (/usr/local/texlive/2017/texmf-dist/tex/latex/amsmath/amsopn.sty
Package: amsopn 2016/03/08 v2.02 operator names
)
\inf@bad=\count141
LaTeX Info: Redefining \frac on input line 213.
\uproot@=\count142
\leftroot@=\count143
LaTeX Info: Redefining \overline on input line 375.
\classnum@=\count144
\DOTSCASE@=\count145
LaTeX Info: Redefining \ldots on input line 472.
LaTeX Info: Redefining \dots on input line 475.
LaTeX Info: Redefining \cdots on input line 596.
\Mathstrutbox@=\box51
\strutbox@=\box52
\big@size=\dimen179
LaTeX Font Info:    Redeclaring font encoding OML on input line 712.
LaTeX Font Info:    Redeclaring font encoding OMS on input line 713.
\macc@depth=\count146
\c@MaxMatrixCols=\count147
\dotsspace@=\muskip11
\c@parentequation=\count148
\dspbrk@lvl=\count149
\tag@help=\toks33
\row@=\count150
\column@=\count151
\maxfields@=\count152
\andhelp@=\toks34
\eqnshift@=\dimen180
\alignsep@=\dimen181
\tagshift@=\dimen182
\tagwidth@=\dimen183
\totwidth@=\dimen184
\lineht@=\dimen185
\@envbody=\toks35
\multlinegap=\skip52
\multlinetaggap=\skip53
\mathdisplay@stack=\toks36
LaTeX Info: Redefining \[ on input line 2817.
LaTeX Info: Redefining \] on input line 2818.
) (/usr/local/texlive/2017/texmf-dist/tex/latex/amscls/amsthm.sty
Package: amsthm 2015/03/04 v2.20.2
\thm@style=\toks37
\thm@bodyfont=\toks38
\thm@headfont=\toks39
\thm@notefont=\toks40
\thm@headpunct=\toks41
\thm@preskip=\skip54
\thm@postskip=\skip55
\thm@headsep=\skip56
\dth@everypar=\toks42
)
\c@theorem=\count153
) (/usr/local/texlive/2017/texmf-dist/tex/latex/beamer/beamerbasethemes.sty)) (/usr/local/texlive/2017/texmf-dist/tex/latex/beamer/themes/theme/beamerthemedefault.sty (/usr/local/texlive/2017/texmf-dist/tex/latex/beamer/themes/font/beamerfontthemedefault.sty) (/usr/local/texlive/2017/texmf-dist/tex/latex/beamer/themes/color/beamercolorthemedefault.sty) (/usr/local/texlive/2017/texmf-dist/tex/latex/beamer/themes/inner/beamerinnerthemedefault.sty
\beamer@dima=\dimen186
\beamer@dimb=\dimen187
) (/usr/local/texlive/2017/texmf-dist/tex/latex/beamer/themes/outer/beamerouterthemedefault.sty))) (/usr/local/texlive/2017/texmf-dist/tex/latex/pgf/utilities/pgfpages.sty
Package: pgfpages 2011/01/05 ver 0.02

(/usr/local/texlive/2017/texmf-dist/tex/latex/tools/calc.sty
Package: calc 2014/10/28 v4.3 Infix arithmetic (KKT,FJ)
\calc@Acount=\count154
\calc@Bcount=\count155
\calc@Adimen=\dimen188
\calc@Bdimen=\dimen189
\calc@Askip=\skip57
\calc@Bskip=\skip58
LaTeX Info: Redefining \setlength on input line 80.
LaTeX Info: Redefining \addtolength on input line 81.
\calc@Ccount=\count156
\calc@Cskip=\skip59
)
\pgf@logicalpages=\count157
\pgf@firstshipout=\count158
\pgf@lastshipout=\count159
\pgf@currentshipout=\count160
\pgf@cpn=\count161
\pgf@shipoutnextto=\count162
\pgfphysicalheight=\dimen190
\pgfphysicalwidth=\dimen191
\pgfpages@shipoutbox=\box53
) (/usr/local/texlive/2017/texmf-dist/tex/latex/textpos/textpos.sty
Package: textpos 2016/06/07 v1.8

Package: textpos 2016/06/07 1.8, absolute positioning of text on the page
\TP@textbox=\box54
\TPHorizModule=\dimen192
\TPVertModule=\dimen193
\TP@margin=\dimen194
\TP@absmargin=\dimen195
Grid set 16 x 16 = 22.7622pt x 17.07166pt
\TPboxrulesize=\dimen196
\TP@tbargs=\toks43
\TP@prevdepth=\dimen197
) (/usr/local/texlive/2017/texmf-dist/tex/latex/base/fontenc.sty
Package: fontenc 2017/04/05 v2.0i Standard LaTeX package
 (/usr/local/texlive/2017/texmf-dist/tex/latex/base/t1enc.def
File: t1enc.def 2017/04/05 v2.0i Standard LaTeX file
LaTeX Font Info:    Redeclaring font encoding T1 on input line 48.
)) (/usr/local/texlive/2017/texmf-dist/tex/latex/pgf/frontendlayer/tikz.sty (/usr/local/texlive/2017/texmf-dist/tex/latex/pgf/basiclayer/pgf.sty
Package: pgf 2015/08/07 v3.0.1a (rcs-revision 1.15)
 (/usr/local/texlive/2017/texmf-dist/tex/generic/pgf/modules/pgfmoduleshapes.code.tex
File: pgfmoduleshapes.code.tex 2014/03/21  (rcs-revision 1.35)
\pgfnodeparttextbox=\box55
) (/usr/local/texlive/2017/texmf-dist/tex/generic/pgf/modules/pgfmoduleplot.code.tex
File: pgfmoduleplot.code.tex 2015/08/03  (rcs-revision 1.13)
) (/usr/local/texlive/2017/texmf-dist/tex/latex/pgf/compatibility/pgfcomp-version-0-65.sty
Package: pgfcomp-version-0-65 2007/07/03 v3.0.1a (rcs-revision 1.7)
\pgf@nodesepstart=\dimen198
\pgf@nodesepend=\dimen199
) (/usr/local/texlive/2017/texmf-dist/tex/latex/pgf/compatibility/pgfcomp-version-1-18.sty
Package: pgfcomp-version-1-18 2007/07/23 v3.0.1a (rcs-revision 1.1)
)) (/usr/local/texlive/2017/texmf-dist/tex/latex/pgf/utilities/pgffor.sty (/usr/local/texlive/2017/texmf-dist/tex/latex/pgf/utilities/pgfkeys.sty (/usr/local/texlive/2017/texmf-dist/tex/generic/pgf/utilities/pgfkeys.code.tex)) (/usr/local/texlive/2017/texmf-dist/tex/latex/pgf/math/pgfmath.sty (/usr/local/texlive/2017/texmf-dist/tex/generic/pgf/math/pgfmath.code.tex))
(/usr/local/texlive/2017/texmf-dist/tex/generic/pgf/utilities/pgffor.code.tex
Package: pgffor 2013/12/13 v3.0.1a (rcs-revision 1.25)
 (/usr/local/texlive/2017/texmf-dist/tex/generic/pgf/math/pgfmath.code.tex)
\pgffor@iter=\dimen256
\pgffor@skip=\dimen257
\pgffor@stack=\toks44
\pgffor@toks=\toks45
)) (/usr/local/texlive/2017/texmf-dist/tex/generic/pgf/frontendlayer/tikz/tikz.code.tex
Package: tikz 2015/08/07 v3.0.1a (rcs-revision 1.151)
 (/usr/local/texlive/2017/texmf-dist/tex/generic/pgf/libraries/pgflibraryplothandlers.code.tex
File: pgflibraryplothandlers.code.tex 2013/08/31 v3.0.1a (rcs-revision 1.20)
\pgf@plot@mark@count=\count163
\pgfplotmarksize=\dimen258
)
\tikz@lastx=\dimen259
\tikz@lasty=\dimen260
\tikz@lastxsaved=\dimen261
\tikz@lastysaved=\dimen262
\tikzleveldistance=\dimen263
\tikzsiblingdistance=\dimen264
\tikz@figbox=\box56
\tikz@figbox@bg=\box57
\tikz@tempbox=\box58
\tikz@tempbox@bg=\box59
\tikztreelevel=\count164
\tikznumberofchildren=\count165
\tikznumberofcurrentchild=\count166
\tikz@fig@count=\count167
 (/usr/local/texlive/2017/texmf-dist/tex/generic/pgf/modules/pgfmodulematrix.code.tex
File: pgfmodulematrix.code.tex 2013/09/17  (rcs-revision 1.8)
\pgfmatrixcurrentrow=\count168
\pgfmatrixcurrentcolumn=\count169
\pgf@matrix@numberofcolumns=\count170
)
\tikz@expandcount=\count171
 (/usr/local/texlive/2017/texmf-dist/tex/generic/pgf/frontendlayer/tikz/libraries/tikzlibrarytopaths.code.tex
File: tikzlibrarytopaths.code.tex 2008/06/17 v3.0.1a (rcs-revision 1.2)
))) (/usr/local/texlive/2017/texmf-dist/tex/latex/appendixnumberbeamer/appendixnumberbeamer.sty) (/usr/local/texlive/2017/texmf-dist/tex/latex/silence/silence.sty
Package: silence 2012/07/02 v1.5b Selective filtering of warnings and error messages
\sl@Save=\count172
\sl@StateNumber=\count173
\sl@MessageCount=\count174
\sl@Casualties=\count175
\sl@Filter=\toks46
\sl@Message=\toks47
\sl@UnexpandedMessage=\toks48
\sl@Mess@ge=\toks49
\sl@WarningCount=\count176
\sl@WarningNumber=\count177
\sl@WarningCasualties=\count178
\sl@TempBOW=\toks50
\sl@BankOfWarnings=\toks51
LaTeX Info: Redefining \GenericWarning on input line 433.
\sl@ErrorCount=\count179
\sl@ErrorNumber=\count180
\sl@ErrorCasualties=\count181
\sl@TempBOE=\toks52
\sl@BankOfErrors=\toks53
LaTeX Info: Redefining \GenericError on input line 601.
) (/usr/local/texlive/2017/texmf-dist/tex/latex/beamer/themes/theme/beamerthemeBoadilla.sty (/usr/local/texlive/2017/texmf-dist/tex/latex/beamer/themes/color/beamercolorthemerose.sty) (/usr/local/texlive/2017/texmf-dist/tex/latex/beamer/themes/inner/beamerinnerthemerounded.sty)
(/usr/local/texlive/2017/texmf-dist/tex/latex/beamer/themes/color/beamercolorthemedolphin.sty) (/usr/local/texlive/2017/texmf-dist/tex/latex/beamer/themes/outer/beamerouterthemeinfolines.sty)) (/usr/local/texlive/2017/texmf-dist/tex/latex/beamer/themes/color/beamercolorthemebeaver.sty) (/usr/local/texlive/2017/texmf-dist/tex/latex/psnfss/palatino.sty
Package: palatino 2005/04/12 PSNFSS-v9.2a (SPQR) 
) (/usr/local/texlive/2017/texmf-dist/tex/latex/biblatex/biblatex.sty
Package: biblatex 2016/12/05 v3.7 programmable bibliographies (PK/JW/AB)
 (/usr/local/texlive/2017/texmf-dist/tex/latex/logreq/logreq.sty
Package: logreq 2010/08/04 v1.0 xml request logger
\lrq@indent=\count182
 (/usr/local/texlive/2017/texmf-dist/tex/latex/logreq/logreq.def
File: logreq.def 2010/08/04 v1.0 logreq spec v1.0
)) (/usr/local/texlive/2017/texmf-dist/tex/latex/base/ifthen.sty
Package: ifthen 2014/09/29 v1.1c Standard LaTeX ifthen package (DPC)
) (/usr/local/texlive/2017/texmf-dist/tex/generic/xstring/xstring.sty (/usr/local/texlive/2017/texmf-dist/tex/generic/xstring/xstring.tex
\@xs@message=\write5
\integerpart=\count183
\decimalpart=\count184
)
Package: xstring 2013/10/13  v1.7c  String manipulations (C Tellechea)
)
\c@tabx@nest=\count185
\c@listtotal=\count186
\c@listcount=\count187
\c@liststart=\count188
\c@liststop=\count189
\c@citecount=\count190
\c@citetotal=\count191
\c@multicitecount=\count192
\c@multicitetotal=\count193
\c@instcount=\count194
\c@maxnames=\count195
\c@minnames=\count196
\c@maxitems=\count197
\c@minitems=\count198
\c@citecounter=\count199
\c@savedcitecounter=\count266
\c@uniquelist=\count267
\c@uniquename=\count268
\c@refsection=\count269
\c@refsegment=\count270
\c@maxextratitle=\count271
\c@maxextratitleyear=\count272
\c@maxextrayear=\count273
\c@maxextraalpha=\count274
\c@abbrvpenalty=\count275
\c@highnamepenalty=\count276
\c@lownamepenalty=\count277
\c@maxparens=\count278
\c@parenlevel=\count279
\blx@tempcnta=\count280
\blx@tempcntb=\count281
\blx@tempcntc=\count282
\blx@maxsection=\count283
\blx@maxsegment@0=\count284
\blx@notetype=\count285
\blx@parenlevel@text=\count286
\blx@parenlevel@foot=\count287
\blx@sectionciteorder@0=\count288
\labelnumberwidth=\skip60
\labelalphawidth=\skip61
\biblabelsep=\skip62
\bibitemsep=\skip63
\bibnamesep=\skip64
\bibinitsep=\skip65
\bibparsep=\skip66
\bibhang=\skip67
\blx@bcfin=\read2
\blx@bcfout=\write6
\c@mincomprange=\count289
\c@maxcomprange=\count290
\c@mincompwidth=\count291
Package biblatex Info: Trying to load biblatex default data model...
Package biblatex Info: ... file 'blx-dm.def' found.
 (/usr/local/texlive/2017/texmf-dist/tex/latex/biblatex/blx-dm.def)
Package biblatex Info: Trying to load biblatex style data model...
Package biblatex Info: ... file 'alphabetic.dbx' not found.
Package biblatex Info: Trying to load biblatex custom data model...
Package biblatex Info: ... file 'biblatex-dm.cfg' not found.
\c@afterword=\count292
\c@savedafterword=\count293
\c@annotator=\count294
\c@savedannotator=\count295
\c@author=\count296
\c@savedauthor=\count297
\c@bookauthor=\count298
\c@savedbookauthor=\count299
\c@commentator=\count300
\c@savedcommentator=\count301
\c@editor=\count302
\c@savededitor=\count303
\c@editora=\count304
\c@savededitora=\count305
\c@editorb=\count306
\c@savededitorb=\count307
\c@editorc=\count308
\c@savededitorc=\count309
\c@foreword=\count310
\c@savedforeword=\count311
\c@holder=\count312
\c@savedholder=\count313
\c@introduction=\count314
\c@savedintroduction=\count315
\c@namea=\count316
\c@savednamea=\count317
\c@nameb=\count318
\c@savednameb=\count319
\c@namec=\count320
\c@savednamec=\count321
\c@translator=\count322
\c@savedtranslator=\count323
\c@shortauthor=\count324
\c@savedshortauthor=\count325
\c@shorteditor=\count326
\c@savedshorteditor=\count327
\c@labelname=\count328
\c@savedlabelname=\count329
\c@institution=\count330
\c@savedinstitution=\count331
\c@lista=\count332
\c@savedlista=\count333
\c@listb=\count334
\c@savedlistb=\count335
\c@listc=\count336
\c@savedlistc=\count337
\c@listd=\count338
\c@savedlistd=\count339
\c@liste=\count340
\c@savedliste=\count341
\c@listf=\count342
\c@savedlistf=\count343
\c@location=\count344
\c@savedlocation=\count345
\c@organization=\count346
\c@savedorganization=\count347
\c@origlocation=\count348
\c@savedoriglocation=\count349
\c@origpublisher=\count350
\c@savedorigpublisher=\count351
\c@publisher=\count352
\c@savedpublisher=\count353
\c@language=\count354
\c@savedlanguage=\count355
\c@pageref=\count356
\c@savedpageref=\count357
\shorthandwidth=\skip68
\shortjournalwidth=\skip69
\shortserieswidth=\skip70
\shorttitlewidth=\skip71
\shortauthorwidth=\skip72
\shorteditorwidth=\skip73
Package biblatex Info: Trying to load compatibility code...
Package biblatex Info: ... file 'blx-compat.def' found.
 (/usr/local/texlive/2017/texmf-dist/tex/latex/biblatex/blx-compat.def
File: blx-compat.def 2016/12/05 v3.7 biblatex compatibility (PK/JW/AB)
)
Package biblatex Info: Trying to load generic definitions...
Package biblatex Info: ... file 'biblatex.def' found.
 (/usr/local/texlive/2017/texmf-dist/tex/latex/biblatex/biblatex.def
File: biblatex.def 2016/12/05 v3.7 biblatex compatibility (PK/JW/AB)
\c@textcitecount=\count358
\c@textcitetotal=\count359
\c@textcitemaxnames=\count360
\c@biburlnumpenalty=\count361
\c@biburlucpenalty=\count362
\c@biburllcpenalty=\count363
\c@smartand=\count364
)
Package biblatex Info: Trying to load bibliography style 'alphabetic'...
Package biblatex Info: ... file 'alphabetic.bbx' found.

(/usr/local/texlive/2017/texmf-dist/tex/latex/biblatex/bbx/alphabetic.bbx
File: alphabetic.bbx 2016/12/05 v3.7 biblatex bibliography style (PK/JW/AB)
Package biblatex Info: Trying to load bibliography style 'standard'...
Package biblatex Info: ... file 'standard.bbx' found.
 (/usr/local/texlive/2017/texmf-dist/tex/latex/biblatex/bbx/standard.bbx
File: standard.bbx 2016/12/05 v3.7 biblatex bibliography style (PK/JW/AB)
\c@bbx:relatedcount=\count365
\c@bbx:relatedtotal=\count366
))
Package biblatex Info: Trying to load citation style 'authoryear-comp'...
Package biblatex Info: ... file 'authoryear-comp.cbx' found.
 (/usr/local/texlive/2017/texmf-dist/tex/latex/biblatex/cbx/authoryear-comp.cbx
File: authoryear-comp.cbx 2016/12/05 v3.7 biblatex citation style (PK/JW/AB)
Package biblatex Info: Redefining '\cite'.
Package biblatex Info: Redefining '\parencite'.
Package biblatex Info: Redefining '\footcite'.
Package biblatex Info: Redefining '\footcitetext'.
Package biblatex Info: Redefining '\smartcite'.
Package biblatex Info: Redefining '\textcite'.
Package biblatex Info: Redefining '\textcites'.
Package biblatex Info: Redefining '\cites'.
Package biblatex Info: Redefining '\parencites'.
Package biblatex Info: Redefining '\footcites'.
Package biblatex Info: Redefining '\footcitetexts'.
Package biblatex Info: Redefining '\smartcites'.
)
Package biblatex Info: Trying to load configuration file...
Package biblatex Info: ... file 'biblatex.cfg' found.
 (/usr/local/texlive/2017/texmf-dist/tex/latex/biblatex/biblatex.cfg
File: biblatex.cfg 
))
Package biblatex Info: Trying to load language 'english'...
Package biblatex Info: ... file 'english.lbx' found.
 (/usr/local/texlive/2017/texmf-dist/tex/latex/biblatex/lbx/english.lbx
File: english.lbx 2016/12/05 v3.7 biblatex localization (PK/JW/AB)
)
\@quotelevel=\count367
\@quotereset=\count368
 (./presentation.aux)
\openout1 = `presentation.aux'.

LaTeX Font Info:    Checking defaults for OML/cmm/m/it on input line 95.
LaTeX Font Info:    ... okay on input line 95.
LaTeX Font Info:    Checking defaults for T1/cmr/m/n on input line 95.
LaTeX Font Info:    ... okay on input line 95.
LaTeX Font Info:    Checking defaults for OT1/cmr/m/n on input line 95.
LaTeX Font Info:    ... okay on input line 95.
LaTeX Font Info:    Checking defaults for OMS/cmsy/m/n on input line 95.
LaTeX Font Info:    ... okay on input line 95.
LaTeX Font Info:    Checking defaults for OMX/cmex/m/n on input line 95.
LaTeX Font Info:    ... okay on input line 95.
LaTeX Font Info:    Checking defaults for U/cmr/m/n on input line 95.
LaTeX Font Info:    ... okay on input line 95.
LaTeX Font Info:    Checking defaults for PD1/pdf/m/n on input line 95.
LaTeX Font Info:    ... okay on input line 95.
LaTeX Font Info:    Try loading font information for T1+phv on input line 95.
 (/usr/local/texlive/2017/texmf-dist/tex/latex/psnfss/t1phv.fd
File: t1phv.fd 2001/06/04 scalable font definitions for T1/phv.
)
*geometry* driver: auto-detecting
*geometry* detected driver: pdftex
*geometry* verbose mode - [ preamble ] result:
* driver: pdftex
* paper: custom
* layout: <same size as paper>
* layoutoffset:(h,v)=(0.0pt,0.0pt)
* modes: includehead includefoot 
* h-part:(L,W,R)=(10.88002pt, 342.43532pt, 10.88002pt)
* v-part:(T,H,B)=(0.0pt, 273.14662pt, 0.0pt)
* \paperwidth=364.19536pt
* \paperheight=273.14662pt
* \textwidth=342.43532pt
* \textheight=244.6939pt
* \oddsidemargin=-61.38997pt
* \evensidemargin=-61.38997pt
* \topmargin=-72.26999pt
* \headheight=14.22636pt
* \headsep=0.0pt
* \topskip=11.0pt
* \footskip=14.22636pt
* \marginparwidth=4.0pt
* \marginparsep=10.0pt
* \columnsep=10.0pt
* \skip\footins=10.0pt plus 4.0pt minus 2.0pt
* \hoffset=0.0pt
* \voffset=0.0pt
* \mag=1000
* \@twocolumnfalse
* \@twosidefalse
* \@mparswitchfalse
* \@reversemarginfalse
* (1in=72.27pt=25.4mm, 1cm=28.453pt)

(/usr/local/texlive/2017/texmf-dist/tex/context/base/mkii/supp-pdf.mkii
[Loading MPS to PDF converter (version 2006.09.02).]
\scratchcounter=\count369
\scratchdimen=\dimen265
\scratchbox=\box60
\nofMPsegments=\count370
\nofMParguments=\count371
\everyMPshowfont=\toks54
\MPscratchCnt=\count372
\MPscratchDim=\dimen266
\MPnumerator=\count373
\makeMPintoPDFobject=\count374
\everyMPtoPDFconversion=\toks55
) (/usr/local/texlive/2017/texmf-dist/tex/latex/oberdiek/epstopdf-base.sty
Package: epstopdf-base 2016/05/15 v2.6 Base part for package epstopdf
 (/usr/local/texlive/2017/texmf-dist/tex/latex/oberdiek/grfext.sty
Package: grfext 2016/05/16 v1.2 Manage graphics extensions (HO)
)
Package epstopdf-base Info: Redefining graphics rule for `.eps' on input line 438.
Package grfext Info: Graphics extension search list:
(grfext)             [.png,.pdf,.jpg,.mps,.jpeg,.jbig2,.jb2,.PNG,.PDF,.JPG,.JPEG,.JBIG2,.JB2,.eps]
(grfext)             \AppendGraphicsExtensions on input line 456.
 (/usr/local/texlive/2017/texmf-dist/tex/latex/latexconfig/epstopdf-sys.cfg
File: epstopdf-sys.cfg 2010/07/13 v1.3 Configuration of (r)epstopdf for TeX Live
)) ABD: EveryShipout initializing macros
\AtBeginShipoutBox=\box61
Package hyperref Info: Link coloring OFF on input line 95.
 (/usr/local/texlive/2017/texmf-dist/tex/latex/hyperref/nameref.sty
Package: nameref 2016/05/21 v2.44 Cross-referencing by name of section
 (/usr/local/texlive/2017/texmf-dist/tex/generic/oberdiek/gettitlestring.sty
Package: gettitlestring 2016/05/16 v1.5 Cleanup title references (HO)
)
\c@section@level=\count375
)
LaTeX Info: Redefining \ref on input line 95.
LaTeX Info: Redefining \pageref on input line 95.
LaTeX Info: Redefining \nameref on input line 95.
 (./presentation.out) (./presentation.out)
\@outlinefile=\write7
\openout7 = `presentation.out'.

LaTeX Font Info:    Overwriting symbol font `operators' in version `normal'
(Font)                  OT1/cmr/m/n --> OT1/cmss/m/n on input line 95.
LaTeX Font Info:    Overwriting symbol font `operators' in version `bold'
(Font)                  OT1/cmr/bx/n --> OT1/cmss/bx/n on input line 95.
\symnumbers=\mathgroup6
\sympureletters=\mathgroup7
LaTeX Font Info:    Overwriting math alphabet `\mathrm' in version `normal'
(Font)                  OT1/cmss/m/n --> T1/ppl/m/n on input line 95.
LaTeX Font Info:    Redeclaring math alphabet \mathbf on input line 95.
LaTeX Font Info:    Overwriting math alphabet `\mathbf' in version `normal'
(Font)                  OT1/cmr/bx/n --> T1/phv/bx/n on input line 95.
LaTeX Font Info:    Overwriting math alphabet `\mathbf' in version `bold'
(Font)                  OT1/cmr/bx/n --> T1/phv/bx/n on input line 95.
LaTeX Font Info:    Redeclaring math alphabet \mathsf on input line 95.
LaTeX Font Info:    Overwriting math alphabet `\mathsf' in version `normal'
(Font)                  OT1/cmss/m/n --> T1/phv/m/n on input line 95.
LaTeX Font Info:    Overwriting math alphabet `\mathsf' in version `bold'
(Font)                  OT1/cmss/bx/n --> T1/phv/m/n on input line 95.
LaTeX Font Info:    Redeclaring math alphabet \mathit on input line 95.
LaTeX Font Info:    Overwriting math alphabet `\mathit' in version `normal'
(Font)                  OT1/cmr/m/it --> T1/phv/m/it on input line 95.
LaTeX Font Info:    Overwriting math alphabet `\mathit' in version `bold'
(Font)                  OT1/cmr/bx/it --> T1/phv/m/it on input line 95.
LaTeX Font Info:    Redeclaring math alphabet \mathtt on input line 95.
LaTeX Font Info:    Overwriting math alphabet `\mathtt' in version `normal'
(Font)                  OT1/cmtt/m/n --> T1/pcr/m/n on input line 95.
LaTeX Font Info:    Overwriting math alphabet `\mathtt' in version `bold'
(Font)                  OT1/cmtt/m/n --> T1/pcr/m/n on input line 95.
LaTeX Font Info:    Overwriting symbol font `numbers' in version `bold'
(Font)                  T1/phv/m/n --> T1/phv/bx/n on input line 95.
LaTeX Font Info:    Overwriting symbol font `pureletters' in version `bold'
(Font)                  T1/phv/m/it --> T1/phv/bx/it on input line 95.
LaTeX Font Info:    Overwriting math alphabet `\mathrm' in version `bold'
(Font)                  OT1/cmss/bx/n --> T1/ppl/bx/n on input line 95.
LaTeX Font Info:    Overwriting math alphabet `\mathbf' in version `bold'
(Font)                  T1/phv/bx/n --> T1/phv/bx/n on input line 95.
LaTeX Font Info:    Overwriting math alphabet `\mathsf' in version `bold'
(Font)                  T1/phv/m/n --> T1/phv/bx/n on input line 95.
LaTeX Font Info:    Overwriting math alphabet `\mathit' in version `bold'
(Font)                  T1/phv/m/it --> T1/phv/bx/it on input line 95.
LaTeX Font Info:    Overwriting math alphabet `\mathtt' in version `bold'
(Font)                  T1/pcr/m/n --> T1/pcr/bx/n on input line 95.
 (/usr/local/texlive/2017/texmf-dist/tex/latex/beamer/translator/dicts/translator-basic-dictionary/translator-basic-dictionary-English.dict
Dictionary: translator-basic-dictionary, Language: English 
) (/usr/local/texlive/2017/texmf-dist/tex/latex/beamer/translator/dicts/translator-bibliography-dictionary/translator-bibliography-dictionary-English.dict
Dictionary: translator-bibliography-dictionary, Language: English 
) (/usr/local/texlive/2017/texmf-dist/tex/latex/beamer/translator/dicts/translator-environment-dictionary/translator-environment-dictionary-English.dict
Dictionary: translator-environment-dictionary, Language: English 
)
(/usr/local/texlive/2017/texmf-dist/tex/latex/beamer/translator/dicts/translator-months-dictionary/translator-months-dictionary-English.dict
Dictionary: translator-months-dictionary, Language: English 
) (/usr/local/texlive/2017/texmf-dist/tex/latex/beamer/translator/dicts/translator-numbers-dictionary/translator-numbers-dictionary-English.dict
Dictionary: translator-numbers-dictionary, Language: English 
) (/usr/local/texlive/2017/texmf-dist/tex/latex/beamer/translator/dicts/translator-theorem-dictionary/translator-theorem-dictionary-English.dict
Dictionary: translator-theorem-dictionary, Language: English 
)
LaTeX Info: Redefining \includegraphics on input line 95.
Package biblatex Info: No input encoding detected.
(biblatex)             Assuming 'ascii'.
Package biblatex Info: Automatic encoding selection.
(biblatex)             Assuming data encoding 'ascii'.
\openout6 = `presentation.bcf'.

Package biblatex Info: Trying to load bibliographic data...
Package biblatex Info: ... file 'presentation.bbl' found.
 (./presentation.bbl)
Package biblatex Info: Reference section=0 on input line 95.
Package biblatex Info: Reference segment=0 on input line 95.
 (./presentation.nav) [1

{/usr/local/texlive/2017/texmf-var/fonts/map/pdftex/updmap/pdftex.map}] <"/Users/mollymking/Documents/SocResearch/Dissertation/theoretical_figures_and_images/misinformation_cartoon_LorenFishman".jpg, id=117, 552.0625pt x 610.28pt>
File: "/Users/mollymking/Documents/SocResearch/Dissertation/theoretical_figures_and_images/misinformation_cartoon_LorenFishman".jpg Graphic file (type jpg)
 <use "/Users/mollymking/Documents/SocResearch/Dissertation/theoretical_figures_and_images/misinformation_cartoon_LorenFishman".jpg>
Package pdftex.def Info: "/Users/mollymking/Documents/SocResearch/Dissertation/theoretical_figures_and_images/misinformation_cartoon_LorenFishman".jpg used on input line 142.
(pdftex.def)             Requested size: 196.13097pt x 216.81pt.
LaTeX Font Info:    Font shape `T1/phv/m/it' in size <10.95> not available
(Font)              Font shape `T1/phv/m/sl' tried instead on input line 142.
LaTeX Font Info:    Font shape `T1/phv/m/it' in size <8> not available
(Font)              Font shape `T1/phv/m/sl' tried instead on input line 142.
 [2

 </Users/mollymking/Documents/SocResearch/Dissertation/theoretical_figures_and_images/misinformation_cartoon_LorenFishman.jpg>]
<"/Users/mollymking/Documents/SocResearch/Dissertation/theoretical_figures_and_images/types_of_knowledge_color".pdf, id=125, 794.97pt x 614.295pt>
File: "/Users/mollymking/Documents/SocResearch/Dissertation/theoretical_figures_and_images/types_of_knowledge_color".pdf Graphic file (type pdf)
 <use "/Users/mollymking/Documents/SocResearch/Dissertation/theoretical_figures_and_images/types_of_knowledge_color".pdf>
Package pdftex.def Info: "/Users/mollymking/Documents/SocResearch/Dissertation/theoretical_figures_and_images/types_of_knowledge_color".pdf used on input line 166.
(pdftex.def)             Requested size: 280.57268pt x 216.81pt.

Overfull \vbox (20.29279pt too high) detected at line 166
 []

[3

 </Users/mollymking/Documents/SocResearch/Dissertation/theoretical_figures_and_images/types_of_knowledge_color.pdf>] [4

] [5

] [6

] [7

]
LaTeX Font Info:    Try loading font information for U+msa on input line 301.
 (/usr/local/texlive/2017/texmf-dist/tex/latex/amsfonts/umsa.fd
File: umsa.fd 2013/01/14 v3.01 AMS symbols A
)
LaTeX Font Info:    Try loading font information for U+msb on input line 301.
 (/usr/local/texlive/2017/texmf-dist/tex/latex/amsfonts/umsb.fd
File: umsb.fd 2013/01/14 v3.01 AMS symbols B
)
LaTeX Font Info:    Font shape `T1/phv/m/it' in size <6> not available
(Font)              Font shape `T1/phv/m/sl' tried instead on input line 301.
 [8

] [9

]
LaTeX Font Info:    Font shape `T1/phv/bx/n' in size <10.95> not available
(Font)              Font shape `T1/phv/b/n' tried instead on input line 413.

Overfull \hbox (2.45972pt too wide) in paragraph at lines 413--413
[][]  
 []

LaTeX Font Info:    Font shape `T1/phv/m/it' in size <17.28> not available
(Font)              Font shape `T1/phv/m/sl' tried instead on input line 413.
LaTeX Font Info:    Font shape `T1/phv/m/it' in size <12> not available
(Font)              Font shape `T1/phv/m/sl' tried instead on input line 413.
LaTeX Font Info:    Font shape `T1/phv/m/it' in size <10> not available
(Font)              Font shape `T1/phv/m/sl' tried instead on input line 413.

Overfull \hbox (7.51599pt too wide) in paragraph at lines 413--413
[][]  
 []

[10

] <"/Users/mollymking/Documents/SocResearch/Dissertation/theoretical_figures_and_images/Philadelphia_College_of_Pharmacy_and_Science;_men_in_a_confe_Wellcome_V0029154".jpg, id=198, 714.2685pt x 568.2831pt>
File: "/Users/mollymking/Documents/SocResearch/Dissertation/theoretical_figures_and_images/Philadelphia_College_of_Pharmacy_and_Science;_men_in_a_confe_Wellcome_V0029154".jpg Graphic file (type jpg)
 <use "/Users/mollymking/Documents/SocResearch/Dissertation/theoretical_figures_and_images/Philadelphia_College_of_Pharmacy_and_Science;_men_in_a_confe_Wellcome_V0029154".jpg>
Package pdftex.def Info: "/Users/mollymking/Documents/SocResearch/Dissertation/theoretical_figures_and_images/Philadelphia_College_of_Pharmacy_and_Science;_men_in_a_confe_Wellcome_V0029154".jpg used on input line 456.
(pdftex.def)             Requested size: 272.50383pt x 216.81pt.

Overfull \vbox (3.31703pt too high) detected at line 456
 []

[11

 </Users/mollymking/Documents/SocResearch/Dissertation/theoretical_figures_and_images/Philadelphia_College_of_Pharmacy_and_Science;_men_in_a_confe_Wellcome_V0029154.jpg>] <"/Users/mollymking/Documents/SocResearch/Dissertation/results/figures/10_sur/ki10_sur05_domain_predictions_question_maker_bias".pdf, id=205, 397.485pt x 289.08pt>
File: "/Users/mollymking/Documents/SocResearch/Dissertation/results/figures/10_sur/ki10_sur05_domain_predictions_question_maker_bias".pdf Graphic file (type pdf)
 <use "/Users/mollymking/Documents/SocResearch/Dissertation/results/figures/10_sur/ki10_sur05_domain_predictions_question_maker_bias".pdf>
Package pdftex.def Info: "/Users/mollymking/Documents/SocResearch/Dissertation/results/figures/10_sur/ki10_sur05_domain_predictions_question_maker_bias".pdf used on input line 479.
(pdftex.def)             Requested size: 298.113pt x 216.81pt.
 [12

 </Users/mollymking/Documents/SocResearch/Dissertation/results/figures/10_sur/ki10_sur05_domain_predictions_question_maker_bias.pdf>] <"/Users/mollymking/Documents/SocResearch/Dissertation/theoretical_figures_and_images/gender_segregated_classroom_medium_com".jpeg, id=224, 1853.92625pt x 1164.35pt>
File: "/Users/mollymking/Documents/SocResearch/Dissertation/theoretical_figures_and_images/gender_segregated_classroom_medium_com".jpeg Graphic file (type jpg)
 <use "/Users/mollymking/Documents/SocResearch/Dissertation/theoretical_figures_and_images/gender_segregated_classroom_medium_com".jpeg>
Package pdftex.def Info: "/Users/mollymking/Documents/SocResearch/Dissertation/theoretical_figures_and_images/gender_segregated_classroom_medium_com".jpeg used on input line 501.
(pdftex.def)             Requested size: 345.2058pt x 216.81pt.

Overfull \hbox (2.77048pt too wide) in paragraph at lines 501--501
 [] 
 []


Overfull \vbox (6.51382pt too high) detected at line 501
 []

[13

 </Users/mollymking/Documents/SocResearch/Dissertation/theoretical_figures_and_images/gender_segregated_classroom_medium_com.jpeg>] <"/Users/mollymking/Documents/SocResearch/Dissertation/results/figures/10_sur/ki10_sur05_domain_predictions_socialized_essentialism".pdf, id=232, 397.485pt x 289.08pt>
File: "/Users/mollymking/Documents/SocResearch/Dissertation/results/figures/10_sur/ki10_sur05_domain_predictions_socialized_essentialism".pdf Graphic file (type pdf)
 <use "/Users/mollymking/Documents/SocResearch/Dissertation/results/figures/10_sur/ki10_sur05_domain_predictions_socialized_essentialism".pdf>
Package pdftex.def Info: "/Users/mollymking/Documents/SocResearch/Dissertation/results/figures/10_sur/ki10_sur05_domain_predictions_socialized_essentialism".pdf used on input line 521.
(pdftex.def)             Requested size: 298.113pt x 216.81pt.
 [14

 </Users/mollymking/Documents/SocResearch/Dissertation/results/figures/10_sur/ki10_sur05_domain_predictions_socialized_essentialism.pdf>] <"/Users/mollymking/Documents/SocResearch/Dissertation/results/figures/08_vis/ki08_vis06_graphCIs_blank".pdf, id=251, 397.485pt x 289.08pt>
File: "/Users/mollymking/Documents/SocResearch/Dissertation/results/figures/08_vis/ki08_vis06_graphCIs_blank".pdf Graphic file (type pdf)
 <use "/Users/mollymking/Documents/SocResearch/Dissertation/results/figures/08_vis/ki08_vis06_graphCIs_blank".pdf>
Package pdftex.def Info: "/Users/mollymking/Documents/SocResearch/Dissertation/results/figures/08_vis/ki08_vis06_graphCIs_blank".pdf used on input line 544.
(pdftex.def)             Requested size: 298.113pt x 216.81pt.
 [15

 </Users/mollymking/Documents/SocResearch/Dissertation/results/figures/08_vis/ki08_vis06_graphCIs_blank.pdf>]
<"/Users/mollymking/Documents/SocResearch/Dissertation/results/figures/08_vis/ki08_vis06_graphCIs_C_noedu_all-gender".pdf, id=268, 397.485pt x 289.08pt>
File: "/Users/mollymking/Documents/SocResearch/Dissertation/results/figures/08_vis/ki08_vis06_graphCIs_C_noedu_all-gender".pdf Graphic file (type pdf)
 <use "/Users/mollymking/Documents/SocResearch/Dissertation/results/figures/08_vis/ki08_vis06_graphCIs_C_noedu_all-gender".pdf>
Package pdftex.def Info: "/Users/mollymking/Documents/SocResearch/Dissertation/results/figures/08_vis/ki08_vis06_graphCIs_C_noedu_all-gender".pdf used on input line 561.
(pdftex.def)             Requested size: 298.113pt x 216.81pt.
 [16

 </Users/mollymking/Documents/SocResearch/Dissertation/results/figures/08_vis/ki08_vis06_graphCIs_C_noedu_all-gender.pdf>] <"/Users/mollymking/Documents/SocResearch/Dissertation/results/figures/08_vis/ki08_vis06_graphCIs_C_noedu_all-gender_womenColors".pdf, id=287, 397.485pt x 289.08pt>
File: "/Users/mollymking/Documents/SocResearch/Dissertation/results/figures/08_vis/ki08_vis06_graphCIs_C_noedu_all-gender_womenColors".pdf Graphic file (type pdf)
 <use "/Users/mollymking/Documents/SocResearch/Dissertation/results/figures/08_vis/ki08_vis06_graphCIs_C_noedu_all-gender_womenColors".pdf>
Package pdftex.def Info: "/Users/mollymking/Documents/SocResearch/Dissertation/results/figures/08_vis/ki08_vis06_graphCIs_C_noedu_all-gender_womenColors".pdf used on input line 576.
(pdftex.def)             Requested size: 342.43532pt x 249.04945pt.

Overfull \vbox (31.2483pt too high) detected at line 576
 []

[17

 </Users/mollymking/Documents/SocResearch/Dissertation/results/figures/08_vis/ki08_vis06_graphCIs_C_noedu_all-gender_womenColors.pdf>] <"/Users/mollymking/Documents/SocResearch/Dissertation/results/figures/08_vis/ki08_vis06_graphCIs_C_noedu_all-gender_menColors".pdf, id=307, 397.485pt x 289.08pt>
File: "/Users/mollymking/Documents/SocResearch/Dissertation/results/figures/08_vis/ki08_vis06_graphCIs_C_noedu_all-gender_menColors".pdf Graphic file (type pdf)
 <use "/Users/mollymking/Documents/SocResearch/Dissertation/results/figures/08_vis/ki08_vis06_graphCIs_C_noedu_all-gender_menColors".pdf>
Package pdftex.def Info: "/Users/mollymking/Documents/SocResearch/Dissertation/results/figures/08_vis/ki08_vis06_graphCIs_C_noedu_all-gender_menColors".pdf used on input line 590.
(pdftex.def)             Requested size: 342.43532pt x 249.04945pt.

Overfull \vbox (31.2483pt too high) detected at line 590
 []

[18

 </Users/mollymking/Documents/SocResearch/Dissertation/results/figures/08_vis/ki08_vis06_graphCIs_C_noedu_all-gender_menColors.pdf>] <"/Users/mollymking/Documents/SocResearch/Dissertation/results/figures/08_vis/ki08_vis06_graphCIs_C_edu_all-gender_menColors".pdf, id=326, 397.485pt x 289.08pt>
File: "/Users/mollymking/Documents/SocResearch/Dissertation/results/figures/08_vis/ki08_vis06_graphCIs_C_edu_all-gender_menColors".pdf Graphic file (type pdf)
 <use "/Users/mollymking/Documents/SocResearch/Dissertation/results/figures/08_vis/ki08_vis06_graphCIs_C_edu_all-gender_menColors".pdf>
Package pdftex.def Info: "/Users/mollymking/Documents/SocResearch/Dissertation/results/figures/08_vis/ki08_vis06_graphCIs_C_edu_all-gender_menColors".pdf used on input line 606.
(pdftex.def)             Requested size: 342.43532pt x 249.04945pt.

Overfull \vbox (31.2483pt too high) detected at line 606
 []

[19

 </Users/mollymking/Documents/SocResearch/Dissertation/results/figures/08_vis/ki08_vis06_graphCIs_C_edu_all-gender_menColors.pdf>] <"/Users/mollymking/Documents/SocResearch/Dissertation/results/figures/08_vis/ki08_vis06_graphCIs_D_edu_all-gender_colors".pdf, id=346, 397.485pt x 289.08pt>
File: "/Users/mollymking/Documents/SocResearch/Dissertation/results/figures/08_vis/ki08_vis06_graphCIs_D_edu_all-gender_colors".pdf Graphic file (type pdf)
 <use "/Users/mollymking/Documents/SocResearch/Dissertation/results/figures/08_vis/ki08_vis06_graphCIs_D_edu_all-gender_colors".pdf>
Package pdftex.def Info: "/Users/mollymking/Documents/SocResearch/Dissertation/results/figures/08_vis/ki08_vis06_graphCIs_D_edu_all-gender_colors".pdf used on input line 628.
(pdftex.def)             Requested size: 342.43532pt x 249.04945pt.

Overfull \vbox (52.53224pt too high) detected at line 628
 []

[20

 </Users/mollymking/Documents/SocResearch/Dissertation/results/figures/08_vis/ki08_vis06_graphCIs_D_edu_all-gender_colors.pdf>] <"/Users/mollymking/Documents/SocResearch/Dissertation/results/figures/10_sur/ki10_sur06_predictions_and_results_C_edu_gender_essentialism".pdf, id=367, 397.485pt x 289.08pt>
File: "/Users/mollymking/Documents/SocResearch/Dissertation/results/figures/10_sur/ki10_sur06_predictions_and_results_C_edu_gender_essentialism".pdf Graphic file (type pdf)
 <use "/Users/mollymking/Documents/SocResearch/Dissertation/results/figures/10_sur/ki10_sur06_predictions_and_results_C_edu_gender_essentialism".pdf>
Package pdftex.def Info: "/Users/mollymking/Documents/SocResearch/Dissertation/results/figures/10_sur/ki10_sur06_predictions_and_results_C_edu_gender_essentialism".pdf used on input line 665.
(pdftex.def)             Requested size: 342.43532pt x 249.04945pt.

Overfull \vbox (22.7124pt too high) detected at line 665
 []

[21

 </Users/mollymking/Documents/SocResearch/Dissertation/results/figures/10_sur/ki10_sur06_predictions_and_results_C_edu_gender_essentialism.pdf>]
LaTeX Font Info:    Font shape `T1/phv/bx/n' in size <14.4> not available
(Font)              Font shape `T1/phv/b/n' tried instead on input line 678.
LaTeX Font Info:    Try loading font information for T1+pcr on input line 678.
 (/usr/local/texlive/2017/texmf-dist/tex/latex/psnfss/t1pcr.fd
File: t1pcr.fd 2001/06/04 font definitions for T1/pcr.
) <"/Users/mollymking/Documents/SocResearch/Dissertation/theoretical_figures_and_images/thanks_logos".pdf, id=386, 794.97pt x 614.295pt>
File: "/Users/mollymking/Documents/SocResearch/Dissertation/theoretical_figures_and_images/thanks_logos".pdf Graphic file (type pdf)
 <use "/Users/mollymking/Documents/SocResearch/Dissertation/theoretical_figures_and_images/thanks_logos".pdf>
Package pdftex.def Info: "/Users/mollymking/Documents/SocResearch/Dissertation/theoretical_figures_and_images/thanks_logos".pdf used on input line 678.
(pdftex.def)             Requested size: 140.28633pt x 108.405pt.

Overfull \hbox (25.47305pt too wide) in paragraph at lines 678--678
[]| []  
 []


Overfull \vbox (14.98322pt too high) detected at line 678
 []

[22

 </Users/mollymking/Documents/SocResearch/Dissertation/theoretical_figures_and_images/thanks_logos.pdf>]

Package hyperref Warning: Token not allowed in a PDF string (PDFDocEncoding):
(hyperref)                removing `\translate ' on input line 688.

[23

]

Package hyperref Warning: Difference (2) between bookmark levels is greater 
(hyperref)                than one, level fixed on input line 742.

[24

] [25

] <"/Users/mollymking/Documents/SocResearch/Dissertation/theoretical_figures_and_images/data_structure".pdf, id=469, 763.22058pt x 370.27875pt>
File: "/Users/mollymking/Documents/SocResearch/Dissertation/theoretical_figures_and_images/data_structure".pdf Graphic file (type pdf)
 <use "/Users/mollymking/Documents/SocResearch/Dissertation/theoretical_figures_and_images/data_structure".pdf>
Package pdftex.def Info: "/Users/mollymking/Documents/SocResearch/Dissertation/theoretical_figures_and_images/data_structure".pdf used on input line 825.
(pdftex.def)             Requested size: 342.43532pt x 166.13799pt.
 [26

 </Users/mollymking/Documents/SocResearch/Dissertation/theoretical_figures_and_images/data_structure.pdf>]
Overfull \hbox (2.45972pt too wide) in paragraph at lines 880--880
[][]  
 []


Overfull \hbox (21.66054pt too wide) in paragraph at lines 880--880
[][]  
 []


Overfull \hbox (3.16866pt too wide) in paragraph at lines 880--880
[][]  
 []

[27

] <"/Users/mollymking/Documents/SocResearch/Dissertation/presentations_workshop/xkcd significance cartoon".pdf, id=516, 253.94875pt x 357.335pt>
File: "/Users/mollymking/Documents/SocResearch/Dissertation/presentations_workshop/xkcd significance cartoon".pdf Graphic file (type pdf)
 <use "/Users/mollymking/Documents/SocResearch/Dissertation/presentations_workshop/xkcd significance cartoon".pdf>
Package pdftex.def Info: "/Users/mollymking/Documents/SocResearch/Dissertation/presentations_workshop/xkcd significance cartoon".pdf used on input line 896.
(pdftex.def)             Requested size: 171.21765pt x 240.92899pt.

Overfull \vbox (44.41177pt too high) detected at line 896
 []

[28

 </Users/mollymking/Documents/SocResearch/Dissertation/presentations_workshop/xkcd significance cartoon.pdf>] [29

] <"/Users/mollymking/Documents/SocResearch/Dissertation/theoretical_figures_and_images/my_survey_mostly".png, id=543, 645.41125pt x 79.29625pt>
File: "/Users/mollymking/Documents/SocResearch/Dissertation/theoretical_figures_and_images/my_survey_mostly".png Graphic file (type png)
 <use "/Users/mollymking/Documents/SocResearch/Dissertation/theoretical_figures_and_images/my_survey_mostly".png>
Package pdftex.def Info: "/Users/mollymking/Documents/SocResearch/Dissertation/theoretical_figures_and_images/my_survey_mostly".png used on input line 963.
(pdftex.def)             Requested size: 256.42918pt x 31.50497pt.
File: "/Users/mollymking/Documents/SocResearch/Dissertation/theoretical_figures_and_images/my_survey_mostly".png Graphic file (type png)
 <use "/Users/mollymking/Documents/SocResearch/Dissertation/theoretical_figures_and_images/my_survey_mostly".png>
Package pdftex.def Info: "/Users/mollymking/Documents/SocResearch/Dissertation/theoretical_figures_and_images/my_survey_mostly".png used on input line 963.
(pdftex.def)             Requested size: 256.42918pt x 31.50497pt.
 <"/Users/mollymking/Documents/SocResearch/Dissertation/theoretical_figures_and_images/my_survey_more_knowledge".png, id=545, 655.44875pt x 126.4725pt>
File: "/Users/mollymking/Documents/SocResearch/Dissertation/theoretical_figures_and_images/my_survey_more_knowledge".png Graphic file (type png)
 <use "/Users/mollymking/Documents/SocResearch/Dissertation/theoretical_figures_and_images/my_survey_more_knowledge".png>
Package pdftex.def Info: "/Users/mollymking/Documents/SocResearch/Dissertation/theoretical_figures_and_images/my_survey_more_knowledge".png used on input line 963.
(pdftex.def)             Requested size: 256.42918pt x 49.47845pt.

Overfull \vbox (4.10683pt too high) detected at line 963
 []

[30

 </Users/mollymking/Documents/SocResearch/Dissertation/theoretical_figures_and_images/my_survey_mostly.png> </Users/mollymking/Documents/SocResearch/Dissertation/theoretical_figures_and_images/my_survey_more_knowledge.png>] [31

] <"/Users/mollymking/Documents/SocResearch/Dissertation/theoretical_figures_and_images/ki08_vis06_graphCIs_C_noedu_all-gender_natworldBox".pdf, id=564, 794.97pt x 614.295pt>
File: "/Users/mollymking/Documents/SocResearch/Dissertation/theoretical_figures_and_images/ki08_vis06_graphCIs_C_noedu_all-gender_natworldBox".pdf Graphic file (type pdf)
 <use "/Users/mollymking/Documents/SocResearch/Dissertation/theoretical_figures_and_images/ki08_vis06_graphCIs_C_noedu_all-gender_natworldBox".pdf>
Package pdftex.def Info: "/Users/mollymking/Documents/SocResearch/Dissertation/theoretical_figures_and_images/ki08_vis06_graphCIs_C_noedu_all-gender_natworldBox".pdf used on input line 1004.
(pdftex.def)             Requested size: 280.57268pt x 216.81pt.
 [32

 </Users/mollymking/Documents/SocResearch/Dissertation/theoretical_figures_and_images/ki08_vis06_graphCIs_C_noedu_all-gender_natworldBox.pdf>] <"/Users/mollymking/Documents/SocResearch/Dissertation/results/figures/08_vis/ki08_vis03_propHoriz02_multComp_C_noedu_gender".pdf, id=590, 397.485pt x 289.08pt>
File: "/Users/mollymking/Documents/SocResearch/Dissertation/results/figures/08_vis/ki08_vis03_propHoriz02_multComp_C_noedu_gender".pdf Graphic file (type pdf)
 <use "/Users/mollymking/Documents/SocResearch/Dissertation/results/figures/08_vis/ki08_vis03_propHoriz02_multComp_C_noedu_gender".pdf>
Package pdftex.def Info: "/Users/mollymking/Documents/SocResearch/Dissertation/results/figures/08_vis/ki08_vis03_propHoriz02_multComp_C_noedu_gender".pdf used on input line 1025.
(pdftex.def)             Requested size: 298.113pt x 216.81pt.

Overfull \vbox (17.00885pt too high) detected at line 1025
 []

[33

 </Users/mollymking/Documents/SocResearch/Dissertation/results/figures/08_vis/ki08_vis03_propHoriz02_multComp_C_noedu_gender.pdf>] <"/Users/mollymking/Documents/SocResearch/Dissertation/results/figures/08_vis/ki08_vis07_compareEdu_eduCompare_gender".pdf, id=607, 397.485pt x 289.08pt>
File: "/Users/mollymking/Documents/SocResearch/Dissertation/results/figures/08_vis/ki08_vis07_compareEdu_eduCompare_gender".pdf Graphic file (type pdf)
 <use "/Users/mollymking/Documents/SocResearch/Dissertation/results/figures/08_vis/ki08_vis07_compareEdu_eduCompare_gender".pdf>
Package pdftex.def Info: "/Users/mollymking/Documents/SocResearch/Dissertation/results/figures/08_vis/ki08_vis07_compareEdu_eduCompare_gender".pdf used on input line 1046.
(pdftex.def)             Requested size: 248.4275pt x 180.67499pt.

Overfull \vbox (2.15778pt too high) detected at line 1046
 []

[34

 </Users/mollymking/Documents/SocResearch/Dissertation/results/figures/08_vis/ki08_vis07_compareEdu_eduCompare_gender.pdf>]
Overfull \hbox (2.45972pt too wide) in paragraph at lines 1099--1099
[][]  
 []


Overfull \hbox (7.51599pt too wide) in paragraph at lines 1099--1099
[][]  
 []


Overfull \hbox (2.98273pt too wide) in paragraph at lines 1099--1099
[][]  
 []

[35

] <"/Users/mollymking/Documents/SocResearch/Dissertation/results/figures/08_vis/ki08_vis03_propVert02_multComp_D_edu_gender".pdf, id=633, 397.485pt x 289.08pt>
File: "/Users/mollymking/Documents/SocResearch/Dissertation/results/figures/08_vis/ki08_vis03_propVert02_multComp_D_edu_gender".pdf Graphic file (type pdf)
 <use "/Users/mollymking/Documents/SocResearch/Dissertation/results/figures/08_vis/ki08_vis03_propVert02_multComp_D_edu_gender".pdf>
Package pdftex.def Info: "/Users/mollymking/Documents/SocResearch/Dissertation/results/figures/08_vis/ki08_vis03_propVert02_multComp_D_edu_gender".pdf used on input line 1121.
(pdftex.def)             Requested size: 278.2376pt x 202.35622pt.

Overfull \vbox (29.839pt too high) detected at line 1121
 []

[36

 </Users/mollymking/Documents/SocResearch/Dissertation/results/figures/08_vis/ki08_vis03_propVert02_multComp_D_edu_gender.pdf>] [37

] <"/Users/mollymking/Documents/SocResearch/Dissertation/results/figures/06_desc/ki06_desc03_graphs_C".pdf, id=658, 397.485pt x 289.08pt>
File: "/Users/mollymking/Documents/SocResearch/Dissertation/results/figures/06_desc/ki06_desc03_graphs_C".pdf Graphic file (type pdf)
 <use "/Users/mollymking/Documents/SocResearch/Dissertation/results/figures/06_desc/ki06_desc03_graphs_C".pdf>
Package pdftex.def Info: "/Users/mollymking/Documents/SocResearch/Dissertation/results/figures/06_desc/ki06_desc03_graphs_C".pdf used on input line 1146.
(pdftex.def)             Requested size: 298.113pt x 216.81pt.

Overfull \vbox (26.29279pt too high) detected at line 1146
 []

[38

 </Users/mollymking/Documents/SocResearch/Dissertation/results/figures/06_desc/ki06_desc03_graphs_C.pdf>] <"/Users/mollymking/Documents/SocResearch/Dissertation/results/figures/06_desc/ki06_desc03_graphs_D".pdf, id=679, 397.485pt x 289.08pt>
File: "/Users/mollymking/Documents/SocResearch/Dissertation/results/figures/06_desc/ki06_desc03_graphs_D".pdf Graphic file (type pdf)
 <use "/Users/mollymking/Documents/SocResearch/Dissertation/results/figures/06_desc/ki06_desc03_graphs_D".pdf>
Package pdftex.def Info: "/Users/mollymking/Documents/SocResearch/Dissertation/results/figures/06_desc/ki06_desc03_graphs_D".pdf used on input line 1161.
(pdftex.def)             Requested size: 298.113pt x 216.81pt.

Overfull \vbox (26.29279pt too high) detected at line 1161
 []

[39

 </Users/mollymking/Documents/SocResearch/Dissertation/results/figures/06_desc/ki06_desc03_graphs_D.pdf>] <"/Users/mollymking/Documents/SocResearch/JSTOR_GenderAndAuthorship/SelfCitation/Figures and Results/Fig 3 - Stairstep diagram/block_diagram_main".pdf, id=699, 578.16pt x 577.15625pt>
File: "/Users/mollymking/Documents/SocResearch/JSTOR_GenderAndAuthorship/SelfCitation/Figures and Results/Fig 3 - Stairstep diagram/block_diagram_main".pdf Graphic file (type pdf)
 <use "/Users/mollymking/Documents/SocResearch/JSTOR_GenderAndAuthorship/SelfCitation/Figures and Results/Fig 3 - Stairstep diagram/block_diagram_main".pdf>
Package pdftex.def Info: "/Users/mollymking/Documents/SocResearch/JSTOR_GenderAndAuthorship/SelfCitation/Figures and Results/Fig 3 - Stairstep diagram/block_diagram_main".pdf used on input line 1185.
(pdftex.def)             Requested size: 217.18881pt x 216.81pt.
 <"/Users/mollymking/Documents/SocResearch/JSTOR_GenderAndAuthorship/SelfCitation/Figures and Results/Fig 3 - Stairstep diagram/block_diagram_zoom".pdf, id=700, 602.25pt x 587.19376pt>
File: "/Users/mollymking/Documents/SocResearch/JSTOR_GenderAndAuthorship/SelfCitation/Figures and Results/Fig 3 - Stairstep diagram/block_diagram_zoom".pdf Graphic file (type pdf)
 <use "/Users/mollymking/Documents/SocResearch/JSTOR_GenderAndAuthorship/SelfCitation/Figures and Results/Fig 3 - Stairstep diagram/block_diagram_zoom".pdf>
Package pdftex.def Info: "/Users/mollymking/Documents/SocResearch/JSTOR_GenderAndAuthorship/SelfCitation/Figures and Results/Fig 3 - Stairstep diagram/block_diagram_zoom".pdf used on input line 1185.
(pdftex.def)             Requested size: 222.36952pt x 216.81pt.

Overfull \vbox (228.81885pt too high) detected at line 1185
 []

[40

 </Users/mollymking/Documents/SocResearch/JSTOR_GenderAndAuthorship/SelfCitation/Figures and Results/Fig 3 - Stairstep diagram/block_diagram_main.pdf> </Users/mollymking/Documents/SocResearch/JSTOR_GenderAndAuthorship/SelfCitation/Figures and Results/Fig 3 - Stairstep diagram/block_diagram_zoom.pdf

pdfTeX warning: pdflatex (file /Users/mollymking/Documents/SocResearch/JSTOR_GenderAndAuthorship/SelfCitation/Figures and Results/Fig 3 - Stairstep diagram/block_diagram_zoom.pdf): PDF inclusion: multiple pdfs with page group included in a single page
>] <"/Users/mollymking/Documents/SocResearch/JSTOR_GenderAndAuthorship/SelfCitation/Figures and Results/Fig 4 - Ratio over time/ratio_all_JSTOR_over_time".pdf, id=853, 578.16pt x 354.32375pt>
File: "/Users/mollymking/Documents/SocResearch/JSTOR_GenderAndAuthorship/SelfCitation/Figures and Results/Fig 4 - Ratio over time/ratio_all_JSTOR_over_time".pdf Graphic file (type pdf)
 <use "/Users/mollymking/Documents/SocResearch/JSTOR_GenderAndAuthorship/SelfCitation/Figures and Results/Fig 4 - Ratio over time/ratio_all_JSTOR_over_time".pdf>
Package pdftex.def Info: "/Users/mollymking/Documents/SocResearch/JSTOR_GenderAndAuthorship/SelfCitation/Figures and Results/Fig 4 - Ratio over time/ratio_all_JSTOR_over_time".pdf used on input line 1198.
(pdftex.def)             Requested size: 353.77983pt x 216.81pt.

Overfull \hbox (11.34451pt too wide) in paragraph at lines 1198--1198
 [] 
 []


Overfull \vbox (12.60886pt too high) detected at line 1198
 []

[41

 </Users/mollymking/Documents/SocResearch/JSTOR_GenderAndAuthorship/SelfCitation/Figures and Results/Fig 4 - Ratio over time/ratio_all_JSTOR_over_time.pdf>]
\tf@nav=\write8
\openout8 = `presentation.nav'.

\tf@toc=\write9
\openout9 = `presentation.toc'.

\tf@snm=\write10
\openout10 = `presentation.snm'.

Package atveryend Info: Empty hook `BeforeClearDocument' on input line 1280.
Package atveryend Info: Empty hook `AfterLastShipout' on input line 1280.
 (./presentation.aux)
Package atveryend Info: Executing hook `AtVeryEndDocument' on input line 1280.
Package atveryend Info: Executing hook `AtEndAfterFileList' on input line 1280.
Package rerunfilecheck Info: File `presentation.out' has not changed.
(rerunfilecheck)             Checksum: 45B792627BC9E6B9331BF59E5F11689A;1261.
Package logreq Info: Writing requests to 'presentation.run.xml'.
\openout1 = `presentation.run.xml'.

 ) 
Here is how much of TeX's memory you used:
 26905 strings out of 492995
 534395 string characters out of 6132704
 953274 words of memory out of 5000000
 29744 multiletter control sequences out of 15000+600000
 55106 words of font info for 78 fonts, out of 8000000 for 9000
 1141 hyphenation exceptions out of 8191
 56i,16n,59p,778b,698s stack positions out of 5000i,500n,10000p,200000b,80000s
pdfTeX warning (dest): name{data_sources} has been referenced but does not exist, replaced by a fixed one

{/usr/local/texlive/2017/texmf-dist/fonts/enc/dvips/base/8r.enc}</usr/local/texlive/2017/texmf-dist/fonts/type1/public/amsfonts/cm/cmmi10.pfb></usr/local/texlive/2017/texmf-dist/fonts/type1/public/amsfonts/cm/cmss10.pfb></usr/local/texlive/2017/texmf-dist/fonts/type1/public/amsfonts/cm/cmss17.pfb></usr/local/texlive/2017/texmf-dist/fonts/type1/public/amsfonts/cm/cmss8.pfb></usr/local/texlive/2017/texmf-dist/fonts/type1/public/amsfonts/cm/cmsy10.pfb></usr/local/texlive/2017/texmf-dist/fonts/type1/urw/courier/ucrr8a.pfb></usr/local/texlive/2017/texmf-dist/fonts/type1/urw/helvetic/uhvb8a.pfb></usr/local/texlive/2017/texmf-dist/fonts/type1/urw/helvetic/uhvr8a.pfb></usr/local/texlive/2017/texmf-dist/fonts/type1/urw/helvetic/uhvro8a.pfb>
Output written on presentation.pdf (41 pages, 5575760 bytes).
PDF statistics:
 950 PDF objects out of 1000 (max. 8388607)
 750 compressed objects within 8 object streams
 124 named destinations out of 1000 (max. 500000)
 378 words of extra memory for PDF output out of 10000 (max. 10000000)

